<?xml version="1.0" encoding="UTF-8"?>
<testng-results skipped="0" failed="0" ignored="0" total="16" passed="16">
  <reporter-output>
  </reporter-output>
  <suite name="Default suite" duration-ms="2729" started-at="2017-04-14T17:35:40Z" finished-at="2017-04-14T17:35:43Z">
    <groups>
    </groups>
    <test name="Default test" duration-ms="2729" started-at="2017-04-14T17:35:40Z" finished-at="2017-04-14T17:35:43Z">
      <class name="de.letsbuildacompiler.compiler.CompilerTest">
        <test-method status="PASS" signature="createTempDir()[pri:0, instance:de.letsbuildacompiler.compiler.CompilerTest@5ae9a829]" name="createTempDir" is-config="true" duration-ms="21" started-at="2017-04-14T10:35:40Z" finished-at="2017-04-14T10:35:40Z">
          <reporter-output>
          </reporter-output>
        </test-method> <!-- createTempDir -->
        <test-method status="PASS" signature="runningCodeoutputsExpectedText(java.lang.String, java.lang.String)[pri:0, instance:de.letsbuildacompiler.compiler.CompilerTest@5ae9a829]" name="runningCodeoutputsExpectedText" duration-ms="381" started-at="2017-04-14T10:35:40Z" data-provider="provide_code_expectedText" finished-at="2017-04-14T10:35:41Z">
          <params>
            <param index="0">
              <value>
                <![CDATA[println(1+2);]]>
              </value>
            </param>
            <param index="1">
              <value>
                <![CDATA[3
]]>
              </value>
            </param>
          </params>
          <reporter-output>
          </reporter-output>
        </test-method> <!-- runningCodeoutputsExpectedText -->
        <test-method status="PASS" signature="createTempDir()[pri:0, instance:de.letsbuildacompiler.compiler.CompilerTest@5ae9a829]" name="createTempDir" is-config="true" duration-ms="1" started-at="2017-04-14T10:35:41Z" finished-at="2017-04-14T10:35:41Z">
          <reporter-output>
          </reporter-output>
        </test-method> <!-- createTempDir -->
        <test-method status="PASS" signature="deleteTempDir()[pri:0, instance:de.letsbuildacompiler.compiler.CompilerTest@5ae9a829]" name="deleteTempDir" is-config="true" duration-ms="0" started-at="2017-04-14T10:35:41Z" finished-at="2017-04-14T10:35:41Z">
          <reporter-output>
          </reporter-output>
        </test-method> <!-- deleteTempDir -->
        <test-method status="PASS" signature="runningCodeoutputsExpectedText(java.lang.String, java.lang.String)[pri:0, instance:de.letsbuildacompiler.compiler.CompilerTest@5ae9a829]" name="runningCodeoutputsExpectedText" duration-ms="118" started-at="2017-04-14T10:35:41Z" data-provider="provide_code_expectedText" finished-at="2017-04-14T10:35:41Z">
          <params>
            <param index="0">
              <value>
                <![CDATA[println(1+2+53);]]>
              </value>
            </param>
            <param index="1">
              <value>
                <![CDATA[56
]]>
              </value>
            </param>
          </params>
          <reporter-output>
          </reporter-output>
        </test-method> <!-- runningCodeoutputsExpectedText -->
        <test-method status="PASS" signature="deleteTempDir()[pri:0, instance:de.letsbuildacompiler.compiler.CompilerTest@5ae9a829]" name="deleteTempDir" is-config="true" duration-ms="0" started-at="2017-04-14T10:35:41Z" finished-at="2017-04-14T10:35:41Z">
          <reporter-output>
          </reporter-output>
        </test-method> <!-- deleteTempDir -->
        <test-method status="PASS" signature="createTempDir()[pri:0, instance:de.letsbuildacompiler.compiler.CompilerTest@5ae9a829]" name="createTempDir" is-config="true" duration-ms="5" started-at="2017-04-14T10:35:41Z" finished-at="2017-04-14T10:35:41Z">
          <reporter-output>
          </reporter-output>
        </test-method> <!-- createTempDir -->
        <test-method status="PASS" signature="runningCodeoutputsExpectedText(java.lang.String, java.lang.String)[pri:0, instance:de.letsbuildacompiler.compiler.CompilerTest@5ae9a829]" name="runningCodeoutputsExpectedText" duration-ms="136" started-at="2017-04-14T10:35:41Z" data-provider="provide_code_expectedText" finished-at="2017-04-14T10:35:41Z">
          <params>
            <param index="0">
              <value>
                <![CDATA[println(1); println(2);]]>
              </value>
            </param>
            <param index="1">
              <value>
                <![CDATA[1
2
]]>
              </value>
            </param>
          </params>
          <reporter-output>
          </reporter-output>
        </test-method> <!-- runningCodeoutputsExpectedText -->
        <test-method status="PASS" signature="deleteTempDir()[pri:0, instance:de.letsbuildacompiler.compiler.CompilerTest@5ae9a829]" name="deleteTempDir" is-config="true" duration-ms="1" started-at="2017-04-14T10:35:41Z" finished-at="2017-04-14T10:35:41Z">
          <reporter-output>
          </reporter-output>
        </test-method> <!-- deleteTempDir -->
        <test-method status="PASS" signature="createTempDir()[pri:0, instance:de.letsbuildacompiler.compiler.CompilerTest@5ae9a829]" name="createTempDir" is-config="true" duration-ms="0" started-at="2017-04-14T10:35:41Z" finished-at="2017-04-14T10:35:41Z">
          <reporter-output>
          </reporter-output>
        </test-method> <!-- createTempDir -->
        <test-method status="PASS" signature="runningCodeoutputsExpectedText(java.lang.String, java.lang.String)[pri:0, instance:de.letsbuildacompiler.compiler.CompilerTest@5ae9a829]" name="runningCodeoutputsExpectedText" duration-ms="133" started-at="2017-04-14T10:35:41Z" data-provider="provide_code_expectedText" finished-at="2017-04-14T10:35:41Z">
          <params>
            <param index="0">
              <value>
                <![CDATA[println(3-2);]]>
              </value>
            </param>
            <param index="1">
              <value>
                <![CDATA[1
]]>
              </value>
            </param>
          </params>
          <reporter-output>
          </reporter-output>
        </test-method> <!-- runningCodeoutputsExpectedText -->
        <test-method status="PASS" signature="createTempDir()[pri:0, instance:de.letsbuildacompiler.compiler.CompilerTest@5ae9a829]" name="createTempDir" is-config="true" duration-ms="1" started-at="2017-04-14T10:35:41Z" finished-at="2017-04-14T10:35:41Z">
          <reporter-output>
          </reporter-output>
        </test-method> <!-- createTempDir -->
        <test-method status="PASS" signature="deleteTempDir()[pri:0, instance:de.letsbuildacompiler.compiler.CompilerTest@5ae9a829]" name="deleteTempDir" is-config="true" duration-ms="0" started-at="2017-04-14T10:35:41Z" finished-at="2017-04-14T10:35:41Z">
          <reporter-output>
          </reporter-output>
        </test-method> <!-- deleteTempDir -->
        <test-method status="PASS" signature="runningCodeoutputsExpectedText(java.lang.String, java.lang.String)[pri:0, instance:de.letsbuildacompiler.compiler.CompilerTest@5ae9a829]" name="runningCodeoutputsExpectedText" duration-ms="160" started-at="2017-04-14T10:35:41Z" data-provider="provide_code_expectedText" finished-at="2017-04-14T10:35:41Z">
          <params>
            <param index="0">
              <value>
                <![CDATA[println(2*3);]]>
              </value>
            </param>
            <param index="1">
              <value>
                <![CDATA[6
]]>
              </value>
            </param>
          </params>
          <reporter-output>
          </reporter-output>
        </test-method> <!-- runningCodeoutputsExpectedText -->
        <test-method status="PASS" signature="deleteTempDir()[pri:0, instance:de.letsbuildacompiler.compiler.CompilerTest@5ae9a829]" name="deleteTempDir" is-config="true" duration-ms="1" started-at="2017-04-14T10:35:41Z" finished-at="2017-04-14T10:35:41Z">
          <reporter-output>
          </reporter-output>
        </test-method> <!-- deleteTempDir -->
        <test-method status="PASS" signature="createTempDir()[pri:0, instance:de.letsbuildacompiler.compiler.CompilerTest@5ae9a829]" name="createTempDir" is-config="true" duration-ms="0" started-at="2017-04-14T10:35:41Z" finished-at="2017-04-14T10:35:41Z">
          <reporter-output>
          </reporter-output>
        </test-method> <!-- createTempDir -->
        <test-method status="PASS" signature="runningCodeoutputsExpectedText(java.lang.String, java.lang.String)[pri:0, instance:de.letsbuildacompiler.compiler.CompilerTest@5ae9a829]" name="runningCodeoutputsExpectedText" duration-ms="204" started-at="2017-04-14T10:35:41Z" data-provider="provide_code_expectedText" finished-at="2017-04-14T10:35:41Z">
          <params>
            <param index="0">
              <value>
                <![CDATA[println(8/2);]]>
              </value>
            </param>
            <param index="1">
              <value>
                <![CDATA[4
]]>
              </value>
            </param>
          </params>
          <reporter-output>
          </reporter-output>
        </test-method> <!-- runningCodeoutputsExpectedText -->
        <test-method status="PASS" signature="createTempDir()[pri:0, instance:de.letsbuildacompiler.compiler.CompilerTest@5ae9a829]" name="createTempDir" is-config="true" duration-ms="1" started-at="2017-04-14T10:35:41Z" finished-at="2017-04-14T10:35:41Z">
          <reporter-output>
          </reporter-output>
        </test-method> <!-- createTempDir -->
        <test-method status="PASS" signature="deleteTempDir()[pri:0, instance:de.letsbuildacompiler.compiler.CompilerTest@5ae9a829]" name="deleteTempDir" is-config="true" duration-ms="0" started-at="2017-04-14T10:35:41Z" finished-at="2017-04-14T10:35:41Z">
          <reporter-output>
          </reporter-output>
        </test-method> <!-- deleteTempDir -->
        <test-method status="PASS" signature="runningCodeoutputsExpectedText(java.lang.String, java.lang.String)[pri:0, instance:de.letsbuildacompiler.compiler.CompilerTest@5ae9a829]" name="runningCodeoutputsExpectedText" duration-ms="192" started-at="2017-04-14T10:35:41Z" data-provider="provide_code_expectedText" finished-at="2017-04-14T10:35:42Z">
          <params>
            <param index="0">
              <value>
                <![CDATA[println(9-2*3);]]>
              </value>
            </param>
            <param index="1">
              <value>
                <![CDATA[3
]]>
              </value>
            </param>
          </params>
          <reporter-output>
          </reporter-output>
        </test-method> <!-- runningCodeoutputsExpectedText -->
        <test-method status="PASS" signature="deleteTempDir()[pri:0, instance:de.letsbuildacompiler.compiler.CompilerTest@5ae9a829]" name="deleteTempDir" is-config="true" duration-ms="0" started-at="2017-04-14T10:35:42Z" finished-at="2017-04-14T10:35:42Z">
          <reporter-output>
          </reporter-output>
        </test-method> <!-- deleteTempDir -->
        <test-method status="PASS" signature="runningCodeoutputsExpectedText(java.lang.String, java.lang.String)[pri:0, instance:de.letsbuildacompiler.compiler.CompilerTest@5ae9a829]" name="runningCodeoutputsExpectedText" duration-ms="126" started-at="2017-04-14T10:35:42Z" data-provider="provide_code_expectedText" finished-at="2017-04-14T10:35:42Z">
          <params>
            <param index="0">
              <value>
                <![CDATA[println(8/2*4);]]>
              </value>
            </param>
            <param index="1">
              <value>
                <![CDATA[16
]]>
              </value>
            </param>
          </params>
          <reporter-output>
          </reporter-output>
        </test-method> <!-- runningCodeoutputsExpectedText -->
        <test-method status="PASS" signature="createTempDir()[pri:0, instance:de.letsbuildacompiler.compiler.CompilerTest@5ae9a829]" name="createTempDir" is-config="true" duration-ms="0" started-at="2017-04-14T10:35:42Z" finished-at="2017-04-14T10:35:42Z">
          <reporter-output>
          </reporter-output>
        </test-method> <!-- createTempDir -->
        <test-method status="PASS" signature="deleteTempDir()[pri:0, instance:de.letsbuildacompiler.compiler.CompilerTest@5ae9a829]" name="deleteTempDir" is-config="true" duration-ms="1" started-at="2017-04-14T10:35:42Z" finished-at="2017-04-14T10:35:42Z">
          <reporter-output>
          </reporter-output>
        </test-method> <!-- deleteTempDir -->
        <test-method status="PASS" signature="createTempDir()[pri:0, instance:de.letsbuildacompiler.compiler.CompilerTest@5ae9a829]" name="createTempDir" is-config="true" duration-ms="5" started-at="2017-04-14T10:35:42Z" finished-at="2017-04-14T10:35:42Z">
          <reporter-output>
          </reporter-output>
        </test-method> <!-- createTempDir -->
        <test-method status="PASS" signature="runningCodeoutputsExpectedText(java.lang.String, java.lang.String)[pri:0, instance:de.letsbuildacompiler.compiler.CompilerTest@5ae9a829]" name="runningCodeoutputsExpectedText" duration-ms="132" started-at="2017-04-14T10:35:42Z" data-provider="provide_code_expectedText" finished-at="2017-04-14T10:35:42Z">
          <params>
            <param index="0">
              <value>
                <![CDATA[println(2+3*3);]]>
              </value>
            </param>
            <param index="1">
              <value>
                <![CDATA[11
]]>
              </value>
            </param>
          </params>
          <reporter-output>
          </reporter-output>
        </test-method> <!-- runningCodeoutputsExpectedText -->
        <test-method status="PASS" signature="deleteTempDir()[pri:0, instance:de.letsbuildacompiler.compiler.CompilerTest@5ae9a829]" name="deleteTempDir" is-config="true" duration-ms="1" started-at="2017-04-14T10:35:42Z" finished-at="2017-04-14T10:35:42Z">
          <reporter-output>
          </reporter-output>
        </test-method> <!-- deleteTempDir -->
        <test-method status="PASS" signature="runningCodeoutputsExpectedText(java.lang.String, java.lang.String)[pri:0, instance:de.letsbuildacompiler.compiler.CompilerTest@5ae9a829]" name="runningCodeoutputsExpectedText" duration-ms="135" started-at="2017-04-14T10:35:42Z" data-provider="provide_code_expectedText" finished-at="2017-04-14T10:35:42Z">
          <params>
            <param index="0">
              <value>
                <![CDATA[println(18-2+7);]]>
              </value>
            </param>
            <param index="1">
              <value>
                <![CDATA[23
]]>
              </value>
            </param>
          </params>
          <reporter-output>
          </reporter-output>
        </test-method> <!-- runningCodeoutputsExpectedText -->
        <test-method status="PASS" signature="createTempDir()[pri:0, instance:de.letsbuildacompiler.compiler.CompilerTest@5ae9a829]" name="createTempDir" is-config="true" duration-ms="0" started-at="2017-04-14T10:35:42Z" finished-at="2017-04-14T10:35:42Z">
          <reporter-output>
          </reporter-output>
        </test-method> <!-- createTempDir -->
        <test-method status="PASS" signature="createTempDir()[pri:0, instance:de.letsbuildacompiler.compiler.CompilerTest@5ae9a829]" name="createTempDir" is-config="true" duration-ms="1" started-at="2017-04-14T10:35:42Z" finished-at="2017-04-14T10:35:42Z">
          <reporter-output>
          </reporter-output>
        </test-method> <!-- createTempDir -->
        <test-method status="PASS" signature="deleteTempDir()[pri:0, instance:de.letsbuildacompiler.compiler.CompilerTest@5ae9a829]" name="deleteTempDir" is-config="true" duration-ms="0" started-at="2017-04-14T10:35:42Z" finished-at="2017-04-14T10:35:42Z">
          <reporter-output>
          </reporter-output>
        </test-method> <!-- deleteTempDir -->
        <test-method status="PASS" signature="runningCodeoutputsExpectedText(java.lang.String, java.lang.String)[pri:0, instance:de.letsbuildacompiler.compiler.CompilerTest@5ae9a829]" name="runningCodeoutputsExpectedText" duration-ms="139" started-at="2017-04-14T10:35:42Z" data-provider="provide_code_expectedText" finished-at="2017-04-14T10:35:42Z">
          <params>
            <param index="0">
              <value>
                <![CDATA[int x; x = 33; println(x);]]>
              </value>
            </param>
            <param index="1">
              <value>
                <![CDATA[33
]]>
              </value>
            </param>
          </params>
          <reporter-output>
          </reporter-output>
        </test-method> <!-- runningCodeoutputsExpectedText -->
        <test-method status="PASS" signature="deleteTempDir()[pri:0, instance:de.letsbuildacompiler.compiler.CompilerTest@5ae9a829]" name="deleteTempDir" is-config="true" duration-ms="16" started-at="2017-04-14T10:35:42Z" finished-at="2017-04-14T10:35:42Z">
          <reporter-output>
          </reporter-output>
        </test-method> <!-- deleteTempDir -->
        <test-method status="PASS" signature="createTempDir()[pri:0, instance:de.letsbuildacompiler.compiler.CompilerTest@5ae9a829]" name="createTempDir" is-config="true" duration-ms="6" started-at="2017-04-14T10:35:42Z" finished-at="2017-04-14T10:35:42Z">
          <reporter-output>
          </reporter-output>
        </test-method> <!-- createTempDir -->
        <test-method status="PASS" signature="runningCodeoutputsExpectedText(java.lang.String, java.lang.String)[pri:0, instance:de.letsbuildacompiler.compiler.CompilerTest@5ae9a829]" name="runningCodeoutputsExpectedText" duration-ms="119" started-at="2017-04-14T10:35:42Z" data-provider="provide_code_expectedText" finished-at="2017-04-14T10:35:42Z">
          <params>
            <param index="0">
              <value>
                <![CDATA[int y; y = 8843; println(y+2);]]>
              </value>
            </param>
            <param index="1">
              <value>
                <![CDATA[8845
]]>
              </value>
            </param>
          </params>
          <reporter-output>
          </reporter-output>
        </test-method> <!-- runningCodeoutputsExpectedText -->
        <test-method status="PASS" signature="createTempDir()[pri:0, instance:de.letsbuildacompiler.compiler.CompilerTest@5ae9a829]" name="createTempDir" is-config="true" duration-ms="1" started-at="2017-04-14T10:35:42Z" finished-at="2017-04-14T10:35:42Z">
          <reporter-output>
          </reporter-output>
        </test-method> <!-- createTempDir -->
        <test-method status="PASS" signature="deleteTempDir()[pri:0, instance:de.letsbuildacompiler.compiler.CompilerTest@5ae9a829]" name="deleteTempDir" is-config="true" duration-ms="0" started-at="2017-04-14T10:35:42Z" finished-at="2017-04-14T10:35:42Z">
          <reporter-output>
          </reporter-output>
        </test-method> <!-- deleteTempDir -->
        <test-method status="PASS" signature="runningCodeoutputsExpectedText(java.lang.String, java.lang.String)[pri:0, instance:de.letsbuildacompiler.compiler.CompilerTest@5ae9a829]" name="runningCodeoutputsExpectedText" duration-ms="130" started-at="2017-04-14T10:35:42Z" data-provider="provide_code_expectedText" finished-at="2017-04-14T10:35:42Z">
          <params>
            <param index="0">
              <value>
                <![CDATA[int a; int b; a = 3; b = 5; println(a+b);]]>
              </value>
            </param>
            <param index="1">
              <value>
                <![CDATA[8
]]>
              </value>
            </param>
          </params>
          <reporter-output>
          </reporter-output>
        </test-method> <!-- runningCodeoutputsExpectedText -->
        <test-method status="PASS" signature="deleteTempDir()[pri:0, instance:de.letsbuildacompiler.compiler.CompilerTest@5ae9a829]" name="deleteTempDir" is-config="true" duration-ms="1" started-at="2017-04-14T10:35:42Z" finished-at="2017-04-14T10:35:42Z">
          <reporter-output>
          </reporter-output>
        </test-method> <!-- deleteTempDir -->
        <test-method status="PASS" signature="createTempDir()[pri:0, instance:de.letsbuildacompiler.compiler.CompilerTest@5ae9a829]" name="createTempDir" is-config="true" duration-ms="0" started-at="2017-04-14T10:35:42Z" finished-at="2017-04-14T10:35:42Z">
          <reporter-output>
          </reporter-output>
        </test-method> <!-- createTempDir -->
        <test-method status="PASS" signature="runningCodeoutputsExpectedText(java.lang.String, java.lang.String)[pri:0, instance:de.letsbuildacompiler.compiler.CompilerTest@5ae9a829]" name="runningCodeoutputsExpectedText" duration-ms="133" started-at="2017-04-14T10:35:42Z" data-provider="provide_code_expectedText" finished-at="2017-04-14T10:35:43Z">
          <params>
            <param index="0">
              <value>
                <![CDATA[int example() {return 1;} println(example());]]>
              </value>
            </param>
            <param index="1">
              <value>
                <![CDATA[1
]]>
              </value>
            </param>
          </params>
          <reporter-output>
          </reporter-output>
        </test-method> <!-- runningCodeoutputsExpectedText -->
        <test-method status="PASS" signature="deleteTempDir()[pri:0, instance:de.letsbuildacompiler.compiler.CompilerTest@5ae9a829]" name="deleteTempDir" is-config="true" duration-ms="0" started-at="2017-04-14T10:35:43Z" finished-at="2017-04-14T10:35:43Z">
          <reporter-output>
          </reporter-output>
        </test-method> <!-- deleteTempDir -->
        <test-method status="PASS" signature="createTempDir()[pri:0, instance:de.letsbuildacompiler.compiler.CompilerTest@5ae9a829]" name="createTempDir" is-config="true" duration-ms="1" started-at="2017-04-14T10:35:43Z" finished-at="2017-04-14T10:35:43Z">
          <reporter-output>
          </reporter-output>
        </test-method> <!-- createTempDir -->
        <test-method status="PASS" signature="runningCodeoutputsExpectedText(java.lang.String, java.lang.String)[pri:0, instance:de.letsbuildacompiler.compiler.CompilerTest@5ae9a829]" name="runningCodeoutputsExpectedText" duration-ms="130" started-at="2017-04-14T10:35:43Z" data-provider="provide_code_expectedText" finished-at="2017-04-14T10:35:43Z">
          <params>
            <param index="0">
              <value>
                <![CDATA[int example() {int i; i = 4; return i;} println(example());]]>
              </value>
            </param>
            <param index="1">
              <value>
                <![CDATA[4
]]>
              </value>
            </param>
          </params>
          <reporter-output>
          </reporter-output>
        </test-method> <!-- runningCodeoutputsExpectedText -->
        <test-method status="PASS" signature="deleteTempDir()[pri:0, instance:de.letsbuildacompiler.compiler.CompilerTest@5ae9a829]" name="deleteTempDir" is-config="true" duration-ms="0" started-at="2017-04-14T10:35:43Z" finished-at="2017-04-14T10:35:43Z">
          <reporter-output>
          </reporter-output>
        </test-method> <!-- deleteTempDir -->
        <test-method status="PASS" signature="createTempDir()[pri:0, instance:de.letsbuildacompiler.compiler.CompilerTest@5ae9a829]" name="createTempDir" is-config="true" duration-ms="8" started-at="2017-04-14T10:35:43Z" finished-at="2017-04-14T10:35:43Z">
          <reporter-output>
          </reporter-output>
        </test-method> <!-- createTempDir -->
        <test-method status="PASS" signature="runningCodeoutputsExpectedText(java.lang.String, java.lang.String)[pri:0, instance:de.letsbuildacompiler.compiler.CompilerTest@5ae9a829]" name="runningCodeoutputsExpectedText" duration-ms="129" started-at="2017-04-14T10:35:43Z" data-provider="provide_code_expectedText" finished-at="2017-04-14T10:35:43Z">
          <params>
            <param index="0">
              <value>
                <![CDATA[int example() {int i; i = 1; return i;} int i; i = 63; println(example()); println(i);]]>
              </value>
            </param>
            <param index="1">
              <value>
                <![CDATA[1
63
]]>
              </value>
            </param>
          </params>
          <reporter-output>
          </reporter-output>
        </test-method> <!-- runningCodeoutputsExpectedText -->
        <test-method status="PASS" signature="deleteTempDir()[pri:0, instance:de.letsbuildacompiler.compiler.CompilerTest@5ae9a829]" name="deleteTempDir" is-config="true" duration-ms="4" started-at="2017-04-14T10:35:43Z" finished-at="2017-04-14T10:35:43Z">
          <reporter-output>
          </reporter-output>
        </test-method> <!-- deleteTempDir -->
      </class> <!-- de.letsbuildacompiler.compiler.CompilerTest -->
    </test> <!-- Default test -->
  </suite> <!-- Default suite -->
</testng-results>
