<?xml version="1.0" encoding="UTF-8"?>
<testng-results skipped="0" failed="0" ignored="0" total="26" passed="26">
  <reporter-output>
  </reporter-output>
  <suite name="Default suite" duration-ms="6718" started-at="2017-04-30T02:05:53Z" finished-at="2017-04-30T02:05:59Z">
    <groups>
    </groups>
    <test name="Default test" duration-ms="6718" started-at="2017-04-30T02:05:53Z" finished-at="2017-04-30T02:05:59Z">
      <class name="de.letsbuildacompiler.compiler.CompilerTest">
        <test-method status="PASS" signature="createTempDir()[pri:0, instance:de.letsbuildacompiler.compiler.CompilerTest@5ae9a829]" name="createTempDir" is-config="true" duration-ms="12" started-at="2017-04-29T19:05:53Z" finished-at="2017-04-29T19:05:53Z">
          <reporter-output>
          </reporter-output>
        </test-method> <!-- createTempDir -->
        <test-method status="PASS" signature="runningCodeoutputsExpectedText(java.lang.String, java.lang.String, java.lang.String)[pri:0, instance:de.letsbuildacompiler.compiler.CompilerTest@5ae9a829]" name="runningCodeoutputsExpectedText" duration-ms="456" started-at="2017-04-29T19:05:53Z" data-provider="provide_code_expectedText" finished-at="2017-04-29T19:05:53Z">
          <params>
            <param index="0">
              <value>
                <![CDATA[plus]]>
              </value>
            </param>
            <param index="1">
              <value>
                <![CDATA[println(1+2);]]>
              </value>
            </param>
            <param index="2">
              <value>
                <![CDATA[3
]]>
              </value>
            </param>
          </params>
          <reporter-output>
          </reporter-output>
        </test-method> <!-- runningCodeoutputsExpectedText -->
        <test-method status="PASS" signature="deleteTempDir()[pri:0, instance:de.letsbuildacompiler.compiler.CompilerTest@5ae9a829]" name="deleteTempDir" is-config="true" duration-ms="0" started-at="2017-04-29T19:05:53Z" finished-at="2017-04-29T19:05:53Z">
          <reporter-output>
          </reporter-output>
        </test-method> <!-- deleteTempDir -->
        <test-method status="PASS" signature="createTempDir()[pri:0, instance:de.letsbuildacompiler.compiler.CompilerTest@5ae9a829]" name="createTempDir" is-config="true" duration-ms="0" started-at="2017-04-29T19:05:53Z" finished-at="2017-04-29T19:05:53Z">
          <reporter-output>
          </reporter-output>
        </test-method> <!-- createTempDir -->
        <test-method status="PASS" signature="runningCodeoutputsExpectedText(java.lang.String, java.lang.String, java.lang.String)[pri:0, instance:de.letsbuildacompiler.compiler.CompilerTest@5ae9a829]" name="runningCodeoutputsExpectedText" duration-ms="145" started-at="2017-04-29T19:05:53Z" data-provider="provide_code_expectedText" finished-at="2017-04-29T19:05:53Z">
          <params>
            <param index="0">
              <value>
                <![CDATA[chained plus]]>
              </value>
            </param>
            <param index="1">
              <value>
                <![CDATA[println(1+2+53);]]>
              </value>
            </param>
            <param index="2">
              <value>
                <![CDATA[56
]]>
              </value>
            </param>
          </params>
          <reporter-output>
          </reporter-output>
        </test-method> <!-- runningCodeoutputsExpectedText -->
        <test-method status="PASS" signature="deleteTempDir()[pri:0, instance:de.letsbuildacompiler.compiler.CompilerTest@5ae9a829]" name="deleteTempDir" is-config="true" duration-ms="1" started-at="2017-04-29T19:05:53Z" finished-at="2017-04-29T19:05:53Z">
          <reporter-output>
          </reporter-output>
        </test-method> <!-- deleteTempDir -->
        <test-method status="PASS" signature="createTempDir()[pri:0, instance:de.letsbuildacompiler.compiler.CompilerTest@5ae9a829]" name="createTempDir" is-config="true" duration-ms="0" started-at="2017-04-29T19:05:53Z" finished-at="2017-04-29T19:05:53Z">
          <reporter-output>
          </reporter-output>
        </test-method> <!-- createTempDir -->
        <test-method status="PASS" signature="runningCodeoutputsExpectedText(java.lang.String, java.lang.String, java.lang.String)[pri:0, instance:de.letsbuildacompiler.compiler.CompilerTest@5ae9a829]" name="runningCodeoutputsExpectedText" duration-ms="251" started-at="2017-04-29T19:05:53Z" data-provider="provide_code_expectedText" finished-at="2017-04-29T19:05:54Z">
          <params>
            <param index="0">
              <value>
                <![CDATA[multiple statements]]>
              </value>
            </param>
            <param index="1">
              <value>
                <![CDATA[println(1); println(2);]]>
              </value>
            </param>
            <param index="2">
              <value>
                <![CDATA[1
2
]]>
              </value>
            </param>
          </params>
          <reporter-output>
          </reporter-output>
        </test-method> <!-- runningCodeoutputsExpectedText -->
        <test-method status="PASS" signature="deleteTempDir()[pri:0, instance:de.letsbuildacompiler.compiler.CompilerTest@5ae9a829]" name="deleteTempDir" is-config="true" duration-ms="17" started-at="2017-04-29T19:05:54Z" finished-at="2017-04-29T19:05:54Z">
          <reporter-output>
          </reporter-output>
        </test-method> <!-- deleteTempDir -->
        <test-method status="PASS" signature="runningCodeoutputsExpectedText(java.lang.String, java.lang.String, java.lang.String)[pri:0, instance:de.letsbuildacompiler.compiler.CompilerTest@5ae9a829]" name="runningCodeoutputsExpectedText" duration-ms="126" started-at="2017-04-29T19:05:54Z" data-provider="provide_code_expectedText" finished-at="2017-04-29T19:05:54Z">
          <params>
            <param index="0">
              <value>
                <![CDATA[minus]]>
              </value>
            </param>
            <param index="1">
              <value>
                <![CDATA[println(3-2);]]>
              </value>
            </param>
            <param index="2">
              <value>
                <![CDATA[1
]]>
              </value>
            </param>
          </params>
          <reporter-output>
          </reporter-output>
        </test-method> <!-- runningCodeoutputsExpectedText -->
        <test-method status="PASS" signature="createTempDir()[pri:0, instance:de.letsbuildacompiler.compiler.CompilerTest@5ae9a829]" name="createTempDir" is-config="true" duration-ms="0" started-at="2017-04-29T19:05:54Z" finished-at="2017-04-29T19:05:54Z">
          <reporter-output>
          </reporter-output>
        </test-method> <!-- createTempDir -->
        <test-method status="PASS" signature="deleteTempDir()[pri:0, instance:de.letsbuildacompiler.compiler.CompilerTest@5ae9a829]" name="deleteTempDir" is-config="true" duration-ms="3" started-at="2017-04-29T19:05:54Z" finished-at="2017-04-29T19:05:54Z">
          <reporter-output>
          </reporter-output>
        </test-method> <!-- deleteTempDir -->
        <test-method status="PASS" signature="createTempDir()[pri:0, instance:de.letsbuildacompiler.compiler.CompilerTest@5ae9a829]" name="createTempDir" is-config="true" duration-ms="0" started-at="2017-04-29T19:05:54Z" finished-at="2017-04-29T19:05:54Z">
          <reporter-output>
          </reporter-output>
        </test-method> <!-- createTempDir -->
        <test-method status="PASS" signature="runningCodeoutputsExpectedText(java.lang.String, java.lang.String, java.lang.String)[pri:0, instance:de.letsbuildacompiler.compiler.CompilerTest@5ae9a829]" name="runningCodeoutputsExpectedText" duration-ms="182" started-at="2017-04-29T19:05:54Z" data-provider="provide_code_expectedText" finished-at="2017-04-29T19:05:54Z">
          <params>
            <param index="0">
              <value>
                <![CDATA[times]]>
              </value>
            </param>
            <param index="1">
              <value>
                <![CDATA[println(2*3);]]>
              </value>
            </param>
            <param index="2">
              <value>
                <![CDATA[6
]]>
              </value>
            </param>
          </params>
          <reporter-output>
          </reporter-output>
        </test-method> <!-- runningCodeoutputsExpectedText -->
        <test-method status="PASS" signature="deleteTempDir()[pri:0, instance:de.letsbuildacompiler.compiler.CompilerTest@5ae9a829]" name="deleteTempDir" is-config="true" duration-ms="0" started-at="2017-04-29T19:05:54Z" finished-at="2017-04-29T19:05:54Z">
          <reporter-output>
          </reporter-output>
        </test-method> <!-- deleteTempDir -->
        <test-method status="PASS" signature="runningCodeoutputsExpectedText(java.lang.String, java.lang.String, java.lang.String)[pri:0, instance:de.letsbuildacompiler.compiler.CompilerTest@5ae9a829]" name="runningCodeoutputsExpectedText" duration-ms="216" started-at="2017-04-29T19:05:54Z" data-provider="provide_code_expectedText" finished-at="2017-04-29T19:05:54Z">
          <params>
            <param index="0">
              <value>
                <![CDATA[divide]]>
              </value>
            </param>
            <param index="1">
              <value>
                <![CDATA[println(8/2);]]>
              </value>
            </param>
            <param index="2">
              <value>
                <![CDATA[4
]]>
              </value>
            </param>
          </params>
          <reporter-output>
          </reporter-output>
        </test-method> <!-- runningCodeoutputsExpectedText -->
        <test-method status="PASS" signature="createTempDir()[pri:0, instance:de.letsbuildacompiler.compiler.CompilerTest@5ae9a829]" name="createTempDir" is-config="true" duration-ms="0" started-at="2017-04-29T19:05:54Z" finished-at="2017-04-29T19:05:54Z">
          <reporter-output>
          </reporter-output>
        </test-method> <!-- createTempDir -->
        <test-method status="PASS" signature="deleteTempDir()[pri:0, instance:de.letsbuildacompiler.compiler.CompilerTest@5ae9a829]" name="deleteTempDir" is-config="true" duration-ms="1" started-at="2017-04-29T19:05:54Z" finished-at="2017-04-29T19:05:54Z">
          <reporter-output>
          </reporter-output>
        </test-method> <!-- deleteTempDir -->
        <test-method status="PASS" signature="runningCodeoutputsExpectedText(java.lang.String, java.lang.String, java.lang.String)[pri:0, instance:de.letsbuildacompiler.compiler.CompilerTest@5ae9a829]" name="runningCodeoutputsExpectedText" duration-ms="135" started-at="2017-04-29T19:05:54Z" data-provider="provide_code_expectedText" finished-at="2017-04-29T19:05:54Z">
          <params>
            <param index="0">
              <value>
                <![CDATA[divide and truncate]]>
              </value>
            </param>
            <param index="1">
              <value>
                <![CDATA[println(9-2*3);]]>
              </value>
            </param>
            <param index="2">
              <value>
                <![CDATA[3
]]>
              </value>
            </param>
          </params>
          <reporter-output>
          </reporter-output>
        </test-method> <!-- runningCodeoutputsExpectedText -->
        <test-method status="PASS" signature="createTempDir()[pri:0, instance:de.letsbuildacompiler.compiler.CompilerTest@5ae9a829]" name="createTempDir" is-config="true" duration-ms="0" started-at="2017-04-29T19:05:54Z" finished-at="2017-04-29T19:05:54Z">
          <reporter-output>
          </reporter-output>
        </test-method> <!-- createTempDir -->
        <test-method status="PASS" signature="createTempDir()[pri:0, instance:de.letsbuildacompiler.compiler.CompilerTest@5ae9a829]" name="createTempDir" is-config="true" duration-ms="1" started-at="2017-04-29T19:05:54Z" finished-at="2017-04-29T19:05:54Z">
          <reporter-output>
          </reporter-output>
        </test-method> <!-- createTempDir -->
        <test-method status="PASS" signature="deleteTempDir()[pri:0, instance:de.letsbuildacompiler.compiler.CompilerTest@5ae9a829]" name="deleteTempDir" is-config="true" duration-ms="0" started-at="2017-04-29T19:05:54Z" finished-at="2017-04-29T19:05:54Z">
          <reporter-output>
          </reporter-output>
        </test-method> <!-- deleteTempDir -->
        <test-method status="PASS" signature="runningCodeoutputsExpectedText(java.lang.String, java.lang.String, java.lang.String)[pri:0, instance:de.letsbuildacompiler.compiler.CompilerTest@5ae9a829]" name="runningCodeoutputsExpectedText" duration-ms="175" started-at="2017-04-29T19:05:54Z" data-provider="provide_code_expectedText" finished-at="2017-04-29T19:05:55Z">
          <params>
            <param index="0">
              <value>
                <![CDATA[precedence times and divide]]>
              </value>
            </param>
            <param index="1">
              <value>
                <![CDATA[println(8/2*4);]]>
              </value>
            </param>
            <param index="2">
              <value>
                <![CDATA[16
]]>
              </value>
            </param>
          </params>
          <reporter-output>
          </reporter-output>
        </test-method> <!-- runningCodeoutputsExpectedText -->
        <test-method status="PASS" signature="createTempDir()[pri:0, instance:de.letsbuildacompiler.compiler.CompilerTest@5ae9a829]" name="createTempDir" is-config="true" duration-ms="0" started-at="2017-04-29T19:05:55Z" finished-at="2017-04-29T19:05:55Z">
          <reporter-output>
          </reporter-output>
        </test-method> <!-- createTempDir -->
        <test-method status="PASS" signature="deleteTempDir()[pri:0, instance:de.letsbuildacompiler.compiler.CompilerTest@5ae9a829]" name="deleteTempDir" is-config="true" duration-ms="0" started-at="2017-04-29T19:05:55Z" finished-at="2017-04-29T19:05:55Z">
          <reporter-output>
          </reporter-output>
        </test-method> <!-- deleteTempDir -->
        <test-method status="PASS" signature="runningCodeoutputsExpectedText(java.lang.String, java.lang.String, java.lang.String)[pri:0, instance:de.letsbuildacompiler.compiler.CompilerTest@5ae9a829]" name="runningCodeoutputsExpectedText" duration-ms="525" started-at="2017-04-29T19:05:55Z" data-provider="provide_code_expectedText" finished-at="2017-04-29T19:05:55Z">
          <params>
            <param index="0">
              <value>
                <![CDATA[precedence plus and times]]>
              </value>
            </param>
            <param index="1">
              <value>
                <![CDATA[println(2+3*3);]]>
              </value>
            </param>
            <param index="2">
              <value>
                <![CDATA[11
]]>
              </value>
            </param>
          </params>
          <reporter-output>
          </reporter-output>
        </test-method> <!-- runningCodeoutputsExpectedText -->
        <test-method status="PASS" signature="deleteTempDir()[pri:0, instance:de.letsbuildacompiler.compiler.CompilerTest@5ae9a829]" name="deleteTempDir" is-config="true" duration-ms="1" started-at="2017-04-29T19:05:55Z" finished-at="2017-04-29T19:05:55Z">
          <reporter-output>
          </reporter-output>
        </test-method> <!-- deleteTempDir -->
        <test-method status="PASS" signature="createTempDir()[pri:0, instance:de.letsbuildacompiler.compiler.CompilerTest@5ae9a829]" name="createTempDir" is-config="true" duration-ms="1" started-at="2017-04-29T19:05:55Z" finished-at="2017-04-29T19:05:55Z">
          <reporter-output>
          </reporter-output>
        </test-method> <!-- createTempDir -->
        <test-method status="PASS" signature="runningCodeoutputsExpectedText(java.lang.String, java.lang.String, java.lang.String)[pri:0, instance:de.letsbuildacompiler.compiler.CompilerTest@5ae9a829]" name="runningCodeoutputsExpectedText" duration-ms="282" started-at="2017-04-29T19:05:55Z" data-provider="provide_code_expectedText" finished-at="2017-04-29T19:05:55Z">
          <params>
            <param index="0">
              <value>
                <![CDATA[precedence minus and times]]>
              </value>
            </param>
            <param index="1">
              <value>
                <![CDATA[println(18-2+7);]]>
              </value>
            </param>
            <param index="2">
              <value>
                <![CDATA[23
]]>
              </value>
            </param>
          </params>
          <reporter-output>
          </reporter-output>
        </test-method> <!-- runningCodeoutputsExpectedText -->
        <test-method status="PASS" signature="deleteTempDir()[pri:0, instance:de.letsbuildacompiler.compiler.CompilerTest@5ae9a829]" name="deleteTempDir" is-config="true" duration-ms="0" started-at="2017-04-29T19:05:55Z" finished-at="2017-04-29T19:05:55Z">
          <reporter-output>
          </reporter-output>
        </test-method> <!-- deleteTempDir -->
        <test-method status="PASS" signature="runningCodeoutputsExpectedText(java.lang.String, java.lang.String, java.lang.String)[pri:0, instance:de.letsbuildacompiler.compiler.CompilerTest@5ae9a829]" name="runningCodeoutputsExpectedText" duration-ms="273" started-at="2017-04-29T19:05:55Z" data-provider="provide_code_expectedText" finished-at="2017-04-29T19:05:56Z">
          <params>
            <param index="0">
              <value>
                <![CDATA[print]]>
              </value>
            </param>
            <param index="1">
              <value>
                <![CDATA[int x; x = 33; println(x);]]>
              </value>
            </param>
            <param index="2">
              <value>
                <![CDATA[33
]]>
              </value>
            </param>
          </params>
          <reporter-output>
          </reporter-output>
        </test-method> <!-- runningCodeoutputsExpectedText -->
        <test-method status="PASS" signature="createTempDir()[pri:0, instance:de.letsbuildacompiler.compiler.CompilerTest@5ae9a829]" name="createTempDir" is-config="true" duration-ms="0" started-at="2017-04-29T19:05:55Z" finished-at="2017-04-29T19:05:55Z">
          <reporter-output>
          </reporter-output>
        </test-method> <!-- createTempDir -->
        <test-method status="PASS" signature="deleteTempDir()[pri:0, instance:de.letsbuildacompiler.compiler.CompilerTest@5ae9a829]" name="deleteTempDir" is-config="true" duration-ms="0" started-at="2017-04-29T19:05:56Z" finished-at="2017-04-29T19:05:56Z">
          <reporter-output>
          </reporter-output>
        </test-method> <!-- deleteTempDir -->
        <test-method status="PASS" signature="runningCodeoutputsExpectedText(java.lang.String, java.lang.String, java.lang.String)[pri:0, instance:de.letsbuildacompiler.compiler.CompilerTest@5ae9a829]" name="runningCodeoutputsExpectedText" duration-ms="292" started-at="2017-04-29T19:05:56Z" data-provider="provide_code_expectedText" finished-at="2017-04-29T19:05:56Z">
          <params>
            <param index="0">
              <value>
                <![CDATA[print with add]]>
              </value>
            </param>
            <param index="1">
              <value>
                <![CDATA[int y; y = 8843; println(y+2);]]>
              </value>
            </param>
            <param index="2">
              <value>
                <![CDATA[8845
]]>
              </value>
            </param>
          </params>
          <reporter-output>
          </reporter-output>
        </test-method> <!-- runningCodeoutputsExpectedText -->
        <test-method status="PASS" signature="createTempDir()[pri:0, instance:de.letsbuildacompiler.compiler.CompilerTest@5ae9a829]" name="createTempDir" is-config="true" duration-ms="0" started-at="2017-04-29T19:05:56Z" finished-at="2017-04-29T19:05:56Z">
          <reporter-output>
          </reporter-output>
        </test-method> <!-- createTempDir -->
        <test-method status="PASS" signature="deleteTempDir()[pri:0, instance:de.letsbuildacompiler.compiler.CompilerTest@5ae9a829]" name="deleteTempDir" is-config="true" duration-ms="0" started-at="2017-04-29T19:05:56Z" finished-at="2017-04-29T19:05:56Z">
          <reporter-output>
          </reporter-output>
        </test-method> <!-- deleteTempDir -->
        <test-method status="PASS" signature="createTempDir()[pri:0, instance:de.letsbuildacompiler.compiler.CompilerTest@5ae9a829]" name="createTempDir" is-config="true" duration-ms="0" started-at="2017-04-29T19:05:56Z" finished-at="2017-04-29T19:05:56Z">
          <reporter-output>
          </reporter-output>
        </test-method> <!-- createTempDir -->
        <test-method status="PASS" signature="runningCodeoutputsExpectedText(java.lang.String, java.lang.String, java.lang.String)[pri:0, instance:de.letsbuildacompiler.compiler.CompilerTest@5ae9a829]" name="runningCodeoutputsExpectedText" duration-ms="214" started-at="2017-04-29T19:05:56Z" data-provider="provide_code_expectedText" finished-at="2017-04-29T19:05:56Z">
          <params>
            <param index="0">
              <value>
                <![CDATA[print add]]>
              </value>
            </param>
            <param index="1">
              <value>
                <![CDATA[int a; int b; a = 3; b = 5; println(a+b);]]>
              </value>
            </param>
            <param index="2">
              <value>
                <![CDATA[8
]]>
              </value>
            </param>
          </params>
          <reporter-output>
          </reporter-output>
        </test-method> <!-- runningCodeoutputsExpectedText -->
        <test-method status="PASS" signature="deleteTempDir()[pri:0, instance:de.letsbuildacompiler.compiler.CompilerTest@5ae9a829]" name="deleteTempDir" is-config="true" duration-ms="0" started-at="2017-04-29T19:05:56Z" finished-at="2017-04-29T19:05:56Z">
          <reporter-output>
          </reporter-output>
        </test-method> <!-- deleteTempDir -->
        <test-method status="PASS" signature="runningCodeoutputsExpectedText(java.lang.String, java.lang.String, java.lang.String)[pri:0, instance:de.letsbuildacompiler.compiler.CompilerTest@5ae9a829]" name="runningCodeoutputsExpectedText" duration-ms="238" started-at="2017-04-29T19:05:56Z" data-provider="provide_code_expectedText" finished-at="2017-04-29T19:05:56Z">
          <params>
            <param index="0">
              <value>
                <![CDATA[return only]]>
              </value>
            </param>
            <param index="1">
              <value>
                <![CDATA[int example() {return 1;} println(example());]]>
              </value>
            </param>
            <param index="2">
              <value>
                <![CDATA[1
]]>
              </value>
            </param>
          </params>
          <reporter-output>
          </reporter-output>
        </test-method> <!-- runningCodeoutputsExpectedText -->
        <test-method status="PASS" signature="createTempDir()[pri:0, instance:de.letsbuildacompiler.compiler.CompilerTest@5ae9a829]" name="createTempDir" is-config="true" duration-ms="0" started-at="2017-04-29T19:05:56Z" finished-at="2017-04-29T19:05:56Z">
          <reporter-output>
          </reporter-output>
        </test-method> <!-- createTempDir -->
        <test-method status="PASS" signature="deleteTempDir()[pri:0, instance:de.letsbuildacompiler.compiler.CompilerTest@5ae9a829]" name="deleteTempDir" is-config="true" duration-ms="1" started-at="2017-04-29T19:05:56Z" finished-at="2017-04-29T19:05:56Z">
          <reporter-output>
          </reporter-output>
        </test-method> <!-- deleteTempDir -->
        <test-method status="PASS" signature="createTempDir()[pri:0, instance:de.letsbuildacompiler.compiler.CompilerTest@5ae9a829]" name="createTempDir" is-config="true" duration-ms="2" started-at="2017-04-29T19:05:56Z" finished-at="2017-04-29T19:05:56Z">
          <reporter-output>
          </reporter-output>
        </test-method> <!-- createTempDir -->
        <test-method status="PASS" signature="runningCodeoutputsExpectedText(java.lang.String, java.lang.String, java.lang.String)[pri:0, instance:de.letsbuildacompiler.compiler.CompilerTest@5ae9a829]" name="runningCodeoutputsExpectedText" duration-ms="207" started-at="2017-04-29T19:05:56Z" data-provider="provide_code_expectedText" finished-at="2017-04-29T19:05:57Z">
          <params>
            <param index="0">
              <value>
                <![CDATA[return only function]]>
              </value>
            </param>
            <param index="1">
              <value>
                <![CDATA[int example() {int i; i = 4; return i;} println(example());]]>
              </value>
            </param>
            <param index="2">
              <value>
                <![CDATA[4
]]>
              </value>
            </param>
          </params>
          <reporter-output>
          </reporter-output>
        </test-method> <!-- runningCodeoutputsExpectedText -->
        <test-method status="PASS" signature="deleteTempDir()[pri:0, instance:de.letsbuildacompiler.compiler.CompilerTest@5ae9a829]" name="deleteTempDir" is-config="true" duration-ms="0" started-at="2017-04-29T19:05:57Z" finished-at="2017-04-29T19:05:57Z">
          <reporter-output>
          </reporter-output>
        </test-method> <!-- deleteTempDir -->
        <test-method status="PASS" signature="createTempDir()[pri:0, instance:de.letsbuildacompiler.compiler.CompilerTest@5ae9a829]" name="createTempDir" is-config="true" duration-ms="0" started-at="2017-04-29T19:05:57Z" finished-at="2017-04-29T19:05:57Z">
          <reporter-output>
          </reporter-output>
        </test-method> <!-- createTempDir -->
        <test-method status="PASS" signature="runningCodeoutputsExpectedText(java.lang.String, java.lang.String, java.lang.String)[pri:0, instance:de.letsbuildacompiler.compiler.CompilerTest@5ae9a829]" name="runningCodeoutputsExpectedText" duration-ms="225" started-at="2017-04-29T19:05:57Z" data-provider="provide_code_expectedText" finished-at="2017-04-29T19:05:57Z">
          <params>
            <param index="0">
              <value>
                <![CDATA[function within function]]>
              </value>
            </param>
            <param index="1">
              <value>
                <![CDATA[int example() {int i; i = 1; return i;} int i; i = 63; println(example()); println(i);]]>
              </value>
            </param>
            <param index="2">
              <value>
                <![CDATA[1
63
]]>
              </value>
            </param>
          </params>
          <reporter-output>
          </reporter-output>
        </test-method> <!-- runningCodeoutputsExpectedText -->
        <test-method status="PASS" signature="deleteTempDir()[pri:0, instance:de.letsbuildacompiler.compiler.CompilerTest@5ae9a829]" name="deleteTempDir" is-config="true" duration-ms="2" started-at="2017-04-29T19:05:57Z" finished-at="2017-04-29T19:05:57Z">
          <reporter-output>
          </reporter-output>
        </test-method> <!-- deleteTempDir -->
        <test-method status="PASS" signature="runningCodeoutputsExpectedText(java.lang.String, java.lang.String, java.lang.String)[pri:0, instance:de.letsbuildacompiler.compiler.CompilerTest@5ae9a829]" name="runningCodeoutputsExpectedText" duration-ms="263" started-at="2017-04-29T19:05:57Z" data-provider="provide_code_expectedText" finished-at="2017-04-29T19:05:57Z">
          <params>
            <param index="0">
              <value>
                <![CDATA[branch/if_int_false]]>
              </value>
            </param>
            <param index="1">
              <value>
                <![CDATA[if (0) {
	println(81);
} else {
	println(42);
}]]>
              </value>
            </param>
            <param index="2">
              <value>
                <![CDATA[42
]]>
              </value>
            </param>
          </params>
          <reporter-output>
          </reporter-output>
        </test-method> <!-- runningCodeoutputsExpectedText -->
        <test-method status="PASS" signature="createTempDir()[pri:0, instance:de.letsbuildacompiler.compiler.CompilerTest@5ae9a829]" name="createTempDir" is-config="true" duration-ms="0" started-at="2017-04-29T19:05:57Z" finished-at="2017-04-29T19:05:57Z">
          <reporter-output>
          </reporter-output>
        </test-method> <!-- createTempDir -->
        <test-method status="PASS" signature="deleteTempDir()[pri:0, instance:de.letsbuildacompiler.compiler.CompilerTest@5ae9a829]" name="deleteTempDir" is-config="true" duration-ms="0" started-at="2017-04-29T19:05:57Z" finished-at="2017-04-29T19:05:57Z">
          <reporter-output>
          </reporter-output>
        </test-method> <!-- deleteTempDir -->
        <test-method status="PASS" signature="runningCodeoutputsExpectedText(java.lang.String, java.lang.String, java.lang.String)[pri:0, instance:de.letsbuildacompiler.compiler.CompilerTest@5ae9a829]" name="runningCodeoutputsExpectedText" duration-ms="218" started-at="2017-04-29T19:05:57Z" data-provider="provide_code_expectedText" finished-at="2017-04-29T19:05:57Z">
          <params>
            <param index="0">
              <value>
                <![CDATA[branch/if_int_true]]>
              </value>
            </param>
            <param index="1">
              <value>
                <![CDATA[if (1) {
	println(81);
} else {
	println(42);
}]]>
              </value>
            </param>
            <param index="2">
              <value>
                <![CDATA[81
]]>
              </value>
            </param>
          </params>
          <reporter-output>
          </reporter-output>
        </test-method> <!-- runningCodeoutputsExpectedText -->
        <test-method status="PASS" signature="createTempDir()[pri:0, instance:de.letsbuildacompiler.compiler.CompilerTest@5ae9a829]" name="createTempDir" is-config="true" duration-ms="0" started-at="2017-04-29T19:05:57Z" finished-at="2017-04-29T19:05:57Z">
          <reporter-output>
          </reporter-output>
        </test-method> <!-- createTempDir -->
        <test-method status="PASS" signature="deleteTempDir()[pri:0, instance:de.letsbuildacompiler.compiler.CompilerTest@5ae9a829]" name="deleteTempDir" is-config="true" duration-ms="0" started-at="2017-04-29T19:05:57Z" finished-at="2017-04-29T19:05:57Z">
          <reporter-output>
          </reporter-output>
        </test-method> <!-- deleteTempDir -->
        <test-method status="PASS" signature="createTempDir()[pri:0, instance:de.letsbuildacompiler.compiler.CompilerTest@5ae9a829]" name="createTempDir" is-config="true" duration-ms="0" started-at="2017-04-29T19:05:57Z" finished-at="2017-04-29T19:05:57Z">
          <reporter-output>
          </reporter-output>
        </test-method> <!-- createTempDir -->
        <test-method status="PASS" signature="runningCodeoutputsExpectedText(java.lang.String, java.lang.String, java.lang.String)[pri:0, instance:de.letsbuildacompiler.compiler.CompilerTest@5ae9a829]" name="runningCodeoutputsExpectedText" duration-ms="325" started-at="2017-04-29T19:05:57Z" data-provider="provide_code_expectedText" finished-at="2017-04-29T19:05:58Z">
          <params>
            <param index="0">
              <value>
                <![CDATA[lower than true]]>
              </value>
            </param>
            <param index="1">
              <value>
                <![CDATA[println(1 < 2);]]>
              </value>
            </param>
            <param index="2">
              <value>
                <![CDATA[1
]]>
              </value>
            </param>
          </params>
          <reporter-output>
          </reporter-output>
        </test-method> <!-- runningCodeoutputsExpectedText -->
        <test-method status="PASS" signature="deleteTempDir()[pri:0, instance:de.letsbuildacompiler.compiler.CompilerTest@5ae9a829]" name="deleteTempDir" is-config="true" duration-ms="34" started-at="2017-04-29T19:05:58Z" finished-at="2017-04-29T19:05:58Z">
          <reporter-output>
          </reporter-output>
        </test-method> <!-- deleteTempDir -->
        <test-method status="PASS" signature="runningCodeoutputsExpectedText(java.lang.String, java.lang.String, java.lang.String)[pri:0, instance:de.letsbuildacompiler.compiler.CompilerTest@5ae9a829]" name="runningCodeoutputsExpectedText" duration-ms="220" started-at="2017-04-29T19:05:58Z" data-provider="provide_code_expectedText" finished-at="2017-04-29T19:05:58Z">
          <params>
            <param index="0">
              <value>
                <![CDATA[lower than false]]>
              </value>
            </param>
            <param index="1">
              <value>
                <![CDATA[println(2 < 2);]]>
              </value>
            </param>
            <param index="2">
              <value>
                <![CDATA[0
]]>
              </value>
            </param>
          </params>
          <reporter-output>
          </reporter-output>
        </test-method> <!-- runningCodeoutputsExpectedText -->
        <test-method status="PASS" signature="createTempDir()[pri:0, instance:de.letsbuildacompiler.compiler.CompilerTest@5ae9a829]" name="createTempDir" is-config="true" duration-ms="0" started-at="2017-04-29T19:05:58Z" finished-at="2017-04-29T19:05:58Z">
          <reporter-output>
          </reporter-output>
        </test-method> <!-- createTempDir -->
        <test-method status="PASS" signature="deleteTempDir()[pri:0, instance:de.letsbuildacompiler.compiler.CompilerTest@5ae9a829]" name="deleteTempDir" is-config="true" duration-ms="0" started-at="2017-04-29T19:05:58Z" finished-at="2017-04-29T19:05:58Z">
          <reporter-output>
          </reporter-output>
        </test-method> <!-- deleteTempDir -->
        <test-method status="PASS" signature="createTempDir()[pri:0, instance:de.letsbuildacompiler.compiler.CompilerTest@5ae9a829]" name="createTempDir" is-config="true" duration-ms="1" started-at="2017-04-29T19:05:58Z" finished-at="2017-04-29T19:05:58Z">
          <reporter-output>
          </reporter-output>
        </test-method> <!-- createTempDir -->
        <test-method status="PASS" signature="runningCodeoutputsExpectedText(java.lang.String, java.lang.String, java.lang.String)[pri:0, instance:de.letsbuildacompiler.compiler.CompilerTest@5ae9a829]" name="runningCodeoutputsExpectedText" duration-ms="237" started-at="2017-04-29T19:05:58Z" data-provider="provide_code_expectedText" finished-at="2017-04-29T19:05:58Z">
          <params>
            <param index="0">
              <value>
                <![CDATA[lower than or equal true]]>
              </value>
            </param>
            <param index="1">
              <value>
                <![CDATA[println(2 <= 2);]]>
              </value>
            </param>
            <param index="2">
              <value>
                <![CDATA[1
]]>
              </value>
            </param>
          </params>
          <reporter-output>
          </reporter-output>
        </test-method> <!-- runningCodeoutputsExpectedText -->
        <test-method status="PASS" signature="deleteTempDir()[pri:0, instance:de.letsbuildacompiler.compiler.CompilerTest@5ae9a829]" name="deleteTempDir" is-config="true" duration-ms="0" started-at="2017-04-29T19:05:58Z" finished-at="2017-04-29T19:05:58Z">
          <reporter-output>
          </reporter-output>
        </test-method> <!-- deleteTempDir -->
        <test-method status="PASS" signature="runningCodeoutputsExpectedText(java.lang.String, java.lang.String, java.lang.String)[pri:0, instance:de.letsbuildacompiler.compiler.CompilerTest@5ae9a829]" name="runningCodeoutputsExpectedText" duration-ms="251" started-at="2017-04-29T19:05:58Z" data-provider="provide_code_expectedText" finished-at="2017-04-29T19:05:59Z">
          <params>
            <param index="0">
              <value>
                <![CDATA[lower than or equal false]]>
              </value>
            </param>
            <param index="1">
              <value>
                <![CDATA[println(3 <= 2);]]>
              </value>
            </param>
            <param index="2">
              <value>
                <![CDATA[0
]]>
              </value>
            </param>
          </params>
          <reporter-output>
          </reporter-output>
        </test-method> <!-- runningCodeoutputsExpectedText -->
        <test-method status="PASS" signature="createTempDir()[pri:0, instance:de.letsbuildacompiler.compiler.CompilerTest@5ae9a829]" name="createTempDir" is-config="true" duration-ms="0" started-at="2017-04-29T19:05:58Z" finished-at="2017-04-29T19:05:58Z">
          <reporter-output>
          </reporter-output>
        </test-method> <!-- createTempDir -->
        <test-method status="PASS" signature="createTempDir()[pri:0, instance:de.letsbuildacompiler.compiler.CompilerTest@5ae9a829]" name="createTempDir" is-config="true" duration-ms="1" started-at="2017-04-29T19:05:59Z" finished-at="2017-04-29T19:05:59Z">
          <reporter-output>
          </reporter-output>
        </test-method> <!-- createTempDir -->
        <test-method status="PASS" signature="deleteTempDir()[pri:0, instance:de.letsbuildacompiler.compiler.CompilerTest@5ae9a829]" name="deleteTempDir" is-config="true" duration-ms="0" started-at="2017-04-29T19:05:59Z" finished-at="2017-04-29T19:05:59Z">
          <reporter-output>
          </reporter-output>
        </test-method> <!-- deleteTempDir -->
        <test-method status="PASS" signature="runningCodeoutputsExpectedText(java.lang.String, java.lang.String, java.lang.String)[pri:0, instance:de.letsbuildacompiler.compiler.CompilerTest@5ae9a829]" name="runningCodeoutputsExpectedText" duration-ms="229" started-at="2017-04-29T19:05:59Z" data-provider="provide_code_expectedText" finished-at="2017-04-29T19:05:59Z">
          <params>
            <param index="0">
              <value>
                <![CDATA[greater than true]]>
              </value>
            </param>
            <param index="1">
              <value>
                <![CDATA[println(3 > 2);]]>
              </value>
            </param>
            <param index="2">
              <value>
                <![CDATA[1
]]>
              </value>
            </param>
          </params>
          <reporter-output>
          </reporter-output>
        </test-method> <!-- runningCodeoutputsExpectedText -->
        <test-method status="PASS" signature="deleteTempDir()[pri:0, instance:de.letsbuildacompiler.compiler.CompilerTest@5ae9a829]" name="deleteTempDir" is-config="true" duration-ms="12" started-at="2017-04-29T19:05:59Z" finished-at="2017-04-29T19:05:59Z">
          <reporter-output>
          </reporter-output>
        </test-method> <!-- deleteTempDir -->
        <test-method status="PASS" signature="createTempDir()[pri:0, instance:de.letsbuildacompiler.compiler.CompilerTest@5ae9a829]" name="createTempDir" is-config="true" duration-ms="0" started-at="2017-04-29T19:05:59Z" finished-at="2017-04-29T19:05:59Z">
          <reporter-output>
          </reporter-output>
        </test-method> <!-- createTempDir -->
        <test-method status="PASS" signature="runningCodeoutputsExpectedText(java.lang.String, java.lang.String, java.lang.String)[pri:0, instance:de.letsbuildacompiler.compiler.CompilerTest@5ae9a829]" name="runningCodeoutputsExpectedText" duration-ms="188" started-at="2017-04-29T19:05:59Z" data-provider="provide_code_expectedText" finished-at="2017-04-29T19:05:59Z">
          <params>
            <param index="0">
              <value>
                <![CDATA[greater than false]]>
              </value>
            </param>
            <param index="1">
              <value>
                <![CDATA[println(2 > 2);]]>
              </value>
            </param>
            <param index="2">
              <value>
                <![CDATA[0
]]>
              </value>
            </param>
          </params>
          <reporter-output>
          </reporter-output>
        </test-method> <!-- runningCodeoutputsExpectedText -->
        <test-method status="PASS" signature="deleteTempDir()[pri:0, instance:de.letsbuildacompiler.compiler.CompilerTest@5ae9a829]" name="deleteTempDir" is-config="true" duration-ms="0" started-at="2017-04-29T19:05:59Z" finished-at="2017-04-29T19:05:59Z">
          <reporter-output>
          </reporter-output>
        </test-method> <!-- deleteTempDir -->
        <test-method status="PASS" signature="runningCodeoutputsExpectedText(java.lang.String, java.lang.String, java.lang.String)[pri:0, instance:de.letsbuildacompiler.compiler.CompilerTest@5ae9a829]" name="runningCodeoutputsExpectedText" duration-ms="281" started-at="2017-04-29T19:05:59Z" data-provider="provide_code_expectedText" finished-at="2017-04-29T19:05:59Z">
          <params>
            <param index="0">
              <value>
                <![CDATA[greater than or equal true]]>
              </value>
            </param>
            <param index="1">
              <value>
                <![CDATA[println(2 >= 2);]]>
              </value>
            </param>
            <param index="2">
              <value>
                <![CDATA[1
]]>
              </value>
            </param>
          </params>
          <reporter-output>
          </reporter-output>
        </test-method> <!-- runningCodeoutputsExpectedText -->
        <test-method status="PASS" signature="createTempDir()[pri:0, instance:de.letsbuildacompiler.compiler.CompilerTest@5ae9a829]" name="createTempDir" is-config="true" duration-ms="0" started-at="2017-04-29T19:05:59Z" finished-at="2017-04-29T19:05:59Z">
          <reporter-output>
          </reporter-output>
        </test-method> <!-- createTempDir -->
        <test-method status="PASS" signature="deleteTempDir()[pri:0, instance:de.letsbuildacompiler.compiler.CompilerTest@5ae9a829]" name="deleteTempDir" is-config="true" duration-ms="1" started-at="2017-04-29T19:05:59Z" finished-at="2017-04-29T19:05:59Z">
          <reporter-output>
          </reporter-output>
        </test-method> <!-- deleteTempDir -->
        <test-method status="PASS" signature="runningCodeoutputsExpectedText(java.lang.String, java.lang.String, java.lang.String)[pri:0, instance:de.letsbuildacompiler.compiler.CompilerTest@5ae9a829]" name="runningCodeoutputsExpectedText" duration-ms="234" started-at="2017-04-29T19:05:59Z" data-provider="provide_code_expectedText" finished-at="2017-04-29T19:05:59Z">
          <params>
            <param index="0">
              <value>
                <![CDATA[greater than or equal false]]>
              </value>
            </param>
            <param index="1">
              <value>
                <![CDATA[println(1 >= 2);]]>
              </value>
            </param>
            <param index="2">
              <value>
                <![CDATA[0
]]>
              </value>
            </param>
          </params>
          <reporter-output>
          </reporter-output>
        </test-method> <!-- runningCodeoutputsExpectedText -->
        <test-method status="PASS" signature="createTempDir()[pri:0, instance:de.letsbuildacompiler.compiler.CompilerTest@5ae9a829]" name="createTempDir" is-config="true" duration-ms="0" started-at="2017-04-29T19:05:59Z" finished-at="2017-04-29T19:05:59Z">
          <reporter-output>
          </reporter-output>
        </test-method> <!-- createTempDir -->
        <test-method status="PASS" signature="deleteTempDir()[pri:0, instance:de.letsbuildacompiler.compiler.CompilerTest@5ae9a829]" name="deleteTempDir" is-config="true" duration-ms="0" started-at="2017-04-29T19:05:59Z" finished-at="2017-04-29T19:05:59Z">
          <reporter-output>
          </reporter-output>
        </test-method> <!-- deleteTempDir -->
      </class> <!-- de.letsbuildacompiler.compiler.CompilerTest -->
    </test> <!-- Default test -->
  </suite> <!-- Default suite -->
</testng-results>
