<?xml version="1.0" encoding="UTF-8"?>
<!-- Generated by org.testng.reporters.JUnitXMLReporter -->
<testsuite hostname="luis-VirtualBox" ignored="0" name="Default test" tests="18" failures="0" timestamp="14 Apr 2017 19:21:22 GMT" time="3.427" errors="0">
  <testcase name="runningCodeoutputsExpectedText" time="0.463" classname="de.letsbuildacompiler.compiler.CompilerTest"/>
  <testcase name="runningCodeoutputsExpectedText" time="0.117" classname="de.letsbuildacompiler.compiler.CompilerTest"/>
  <testcase name="runningCodeoutputsExpectedText" time="0.129" classname="de.letsbuildacompiler.compiler.CompilerTest"/>
  <testcase name="runningCodeoutputsExpectedText" time="0.137" classname="de.letsbuildacompiler.compiler.CompilerTest"/>
  <testcase name="runningCodeoutputsExpectedText" time="0.187" classname="de.letsbuildacompiler.compiler.CompilerTest"/>
  <testcase name="runningCodeoutputsExpectedText" time="0.199" classname="de.letsbuildacompiler.compiler.CompilerTest"/>
  <testcase name="runningCodeoutputsExpectedText" time="0.151" classname="de.letsbuildacompiler.compiler.CompilerTest"/>
  <testcase name="runningCodeoutputsExpectedText" time="0.164" classname="de.letsbuildacompiler.compiler.CompilerTest"/>
  <testcase name="runningCodeoutputsExpectedText" time="0.145" classname="de.letsbuildacompiler.compiler.CompilerTest"/>
  <testcase name="runningCodeoutputsExpectedText" time="0.17" classname="de.letsbuildacompiler.compiler.CompilerTest"/>
  <testcase name="runningCodeoutputsExpectedText" time="0.161" classname="de.letsbuildacompiler.compiler.CompilerTest"/>
  <testcase name="runningCodeoutputsExpectedText" time="0.177" classname="de.letsbuildacompiler.compiler.CompilerTest"/>
  <testcase name="runningCodeoutputsExpectedText" time="0.154" classname="de.letsbuildacompiler.compiler.CompilerTest"/>
  <testcase name="runningCodeoutputsExpectedText" time="0.155" classname="de.letsbuildacompiler.compiler.CompilerTest"/>
  <testcase name="runningCodeoutputsExpectedText" time="0.163" classname="de.letsbuildacompiler.compiler.CompilerTest"/>
  <testcase name="runningCodeoutputsExpectedText" time="0.156" classname="de.letsbuildacompiler.compiler.CompilerTest"/>
  <testcase name="runningCodeoutputsExpectedText" time="0.219" classname="de.letsbuildacompiler.compiler.CompilerTest"/>
  <testcase name="runningCodeoutputsExpectedText" time="0.146" classname="de.letsbuildacompiler.compiler.CompilerTest"/>
</testsuite> <!-- Default test -->
