<?xml version="1.0" encoding="UTF-8"?>
<!-- Generated by org.testng.reporters.JUnitXMLReporter -->
<testsuite hostname="ubuntu" name="Default test" tests="10" failures="0" timestamp="13 Apr 2017 19:41:12 GMT" time="0.733" errors="0">
  <testcase name="runningCodeoutputsExpectedText" time="0.16" classname="de.letsbuildacompiler.compiler.CompilerTest"/>
  <testcase name="runningCodeoutputsExpectedText" time="0.048" classname="de.letsbuildacompiler.compiler.CompilerTest"/>
  <testcase name="runningCodeoutputsExpectedText" time="0.063" classname="de.letsbuildacompiler.compiler.CompilerTest"/>
  <testcase name="runningCodeoutputsExpectedText" time="0.059" classname="de.letsbuildacompiler.compiler.CompilerTest"/>
  <testcase name="runningCodeoutputsExpectedText" time="0.057" classname="de.letsbuildacompiler.compiler.CompilerTest"/>
  <testcase name="runningCodeoutputsExpectedText" time="0.059" classname="de.letsbuildacompiler.compiler.CompilerTest"/>
  <testcase name="runningCodeoutputsExpectedText" time="0.06" classname="de.letsbuildacompiler.compiler.CompilerTest"/>
  <testcase name="runningCodeoutputsExpectedText" time="0.059" classname="de.letsbuildacompiler.compiler.CompilerTest"/>
  <testcase name="runningCodeoutputsExpectedText" time="0.059" classname="de.letsbuildacompiler.compiler.CompilerTest"/>
  <testcase name="runningCodeoutputsExpectedText" time="0.06" classname="de.letsbuildacompiler.compiler.CompilerTest"/>
</testsuite> <!-- Default test -->
