<?xml version="1.0" encoding="UTF-8"?>
<!-- Generated by org.testng.reporters.JUnitXMLReporter -->
<testsuite hostname="luis-VirtualBox" ignored="0" name="Default test" tests="26" failures="0" timestamp="30 Apr 2017 02:06:00 GMT" time="6.718" errors="0">
  <testcase name="runningCodeoutputsExpectedText" time="0.456" classname="de.letsbuildacompiler.compiler.CompilerTest"/>
  <testcase name="runningCodeoutputsExpectedText" time="0.145" classname="de.letsbuildacompiler.compiler.CompilerTest"/>
  <testcase name="runningCodeoutputsExpectedText" time="0.251" classname="de.letsbuildacompiler.compiler.CompilerTest"/>
  <testcase name="runningCodeoutputsExpectedText" time="0.126" classname="de.letsbuildacompiler.compiler.CompilerTest"/>
  <testcase name="runningCodeoutputsExpectedText" time="0.182" classname="de.letsbuildacompiler.compiler.CompilerTest"/>
  <testcase name="runningCodeoutputsExpectedText" time="0.216" classname="de.letsbuildacompiler.compiler.CompilerTest"/>
  <testcase name="runningCodeoutputsExpectedText" time="0.135" classname="de.letsbuildacompiler.compiler.CompilerTest"/>
  <testcase name="runningCodeoutputsExpectedText" time="0.175" classname="de.letsbuildacompiler.compiler.CompilerTest"/>
  <testcase name="runningCodeoutputsExpectedText" time="0.525" classname="de.letsbuildacompiler.compiler.CompilerTest"/>
  <testcase name="runningCodeoutputsExpectedText" time="0.282" classname="de.letsbuildacompiler.compiler.CompilerTest"/>
  <testcase name="runningCodeoutputsExpectedText" time="0.273" classname="de.letsbuildacompiler.compiler.CompilerTest"/>
  <testcase name="runningCodeoutputsExpectedText" time="0.292" classname="de.letsbuildacompiler.compiler.CompilerTest"/>
  <testcase name="runningCodeoutputsExpectedText" time="0.214" classname="de.letsbuildacompiler.compiler.CompilerTest"/>
  <testcase name="runningCodeoutputsExpectedText" time="0.238" classname="de.letsbuildacompiler.compiler.CompilerTest"/>
  <testcase name="runningCodeoutputsExpectedText" time="0.207" classname="de.letsbuildacompiler.compiler.CompilerTest"/>
  <testcase name="runningCodeoutputsExpectedText" time="0.225" classname="de.letsbuildacompiler.compiler.CompilerTest"/>
  <testcase name="runningCodeoutputsExpectedText" time="0.263" classname="de.letsbuildacompiler.compiler.CompilerTest"/>
  <testcase name="runningCodeoutputsExpectedText" time="0.218" classname="de.letsbuildacompiler.compiler.CompilerTest"/>
  <testcase name="runningCodeoutputsExpectedText" time="0.325" classname="de.letsbuildacompiler.compiler.CompilerTest"/>
  <testcase name="runningCodeoutputsExpectedText" time="0.22" classname="de.letsbuildacompiler.compiler.CompilerTest"/>
  <testcase name="runningCodeoutputsExpectedText" time="0.237" classname="de.letsbuildacompiler.compiler.CompilerTest"/>
  <testcase name="runningCodeoutputsExpectedText" time="0.251" classname="de.letsbuildacompiler.compiler.CompilerTest"/>
  <testcase name="runningCodeoutputsExpectedText" time="0.229" classname="de.letsbuildacompiler.compiler.CompilerTest"/>
  <testcase name="runningCodeoutputsExpectedText" time="0.188" classname="de.letsbuildacompiler.compiler.CompilerTest"/>
  <testcase name="runningCodeoutputsExpectedText" time="0.281" classname="de.letsbuildacompiler.compiler.CompilerTest"/>
  <testcase name="runningCodeoutputsExpectedText" time="0.234" classname="de.letsbuildacompiler.compiler.CompilerTest"/>
</testsuite> <!-- Default test -->
